<?xml version="1.0" encoding="UTF-8"?>
<!-- Generated by org.testng.reporters.JUnitReportReporter -->
<testsuite hostname="Kalai" failures="0" tests="2" name="com.SampleTestNG.Dependency_Test" time="6.164" errors="0" timestamp="2024-10-04T23:58:42 IST" skipped="0">
  <testcase classname="com.SampleTestNG.Dependency_Test" name="fblaunch" time="4.159"/>
  <system-out/>
  <testcase classname="com.SampleTestNG.Dependency_Test" name="searchproduct" time="2.005"/>
  <system-out/>
</testsuite> <!-- com.SampleTestNG.Dependency_Test -->
