<?xml version="1.0" encoding="UTF-8"?>
<!-- Generated by org.testng.reporters.JUnitReportReporter -->
<testsuite hostname="Kalai" failures="0" tests="2" name="TestNGAnnotations" time="0.013" errors="0" timestamp="2024-10-14T10:31:49 IST" skipped="0">
  <testcase classname="TestNGAnnotations" name="test1" time="0.009"/>
  <system-out/>
  <testcase classname="TestNGAnnotations" name="test2" time="0.004"/>
  <system-out/>
</testsuite> <!-- TestNGAnnotations -->
