<?xml version="1.0" encoding="UTF-8"?>
<!-- Generated by org.testng.reporters.JUnitReportReporter -->
<testsuite hostname="Kalai" failures="0" tests="2" name="com.SampleTestNG.Data_provider$DataProviderExample" time="0.007" errors="0" timestamp="2024-10-04T22:42:12 IST" skipped="0">
  <testcase classname="com.SampleTestNG.Data_provider$DataProviderExample" name="testWithData" time="0.001"/>
  <system-out/>
  <testcase classname="com.SampleTestNG.Data_provider$DataProviderExample" name="testWithData" time="0.006"/>
  <system-out/>
</testsuite> <!-- com.SampleTestNG.Data_provider$DataProviderExample -->
