<?xml version="1.0" encoding="UTF-8"?>
<!-- Generated by org.testng.reporters.JUnitReportReporter -->
<testsuite hostname="Kalai" failures="0" tests="2" name="com.SampleTestNG.Timeouts_class" time="1.021" errors="0" timestamp="2024-10-05T00:17:59 IST" skipped="0">
  <testcase classname="com.SampleTestNG.Timeouts_class" name="dividiblebyzero" time="0.008"/>
  <system-out/>
  <testcase classname="com.SampleTestNG.Timeouts_class" name="fb_url_launch" time="1.013"/>
  <system-out/>
</testsuite> <!-- com.SampleTestNG.Timeouts_class -->
