<?xml version="1.0" encoding="UTF-8"?>
<!-- Generated by org.testng.reporters.JUnitReportReporter -->
<testsuite hostname="Kalai" failures="0" tests="2" name="com.SampleTestNG.Ignore_Class" time="0.007" errors="0" timestamp="2024-10-05T14:09:23 IST" skipped="1">
  <testcase classname="com.SampleTestNG.Ignore_Class" name="Meth1" time="0.007"/>
  <system-out/>
  <testcase classname="com.SampleTestNG.Ignore_Class" name="Meth3">
    <skipped/>
  </testcase> <!-- Meth3 -->
  <system-out/>
</testsuite> <!-- com.SampleTestNG.Ignore_Class -->
