<?xml version="1.0" encoding="UTF-8"?>
<!-- Generated by org.testng.reporters.JUnitReportReporter -->
<testsuite hostname="Kalai" failures="0" tests="3" name="com.SampleTestNG.Priority_class$PriorityExample" time="0.013" errors="0" timestamp="2024-10-04T23:20:48 IST" skipped="0">
  <testcase classname="com.SampleTestNG.Priority_class$PriorityExample" name="test2" time="0.008"/>
  <system-out/>
  <testcase classname="com.SampleTestNG.Priority_class$PriorityExample" name="test3" time="0.003"/>
  <system-out/>
  <testcase classname="com.SampleTestNG.Priority_class$PriorityExample" name="test1" time="0.002"/>
  <system-out/>
</testsuite> <!-- com.SampleTestNG.Priority_class$PriorityExample -->
