<?xml version="1.0" encoding="UTF-8"?>
<!-- Generated by org.testng.reporters.JUnitReportReporter -->
<testsuite hostname="Kalai" failures="0" tests="3" name="com.SampleTestNG.pri_class" time="0.023" errors="0" timestamp="2024-10-04T23:23:01 IST" skipped="0">
  <testcase classname="com.SampleTestNG.pri_class" name="Mango" time="0.003"/>
  <system-out/>
  <testcase classname="com.SampleTestNG.pri_class" name="Orange" time="0.003"/>
  <system-out/>
  <testcase classname="com.SampleTestNG.pri_class" name="Apple" time="0.017"/>
  <system-out/>
</testsuite> <!-- com.SampleTestNG.pri_class -->
