<?xml version="1.0" encoding="UTF-8"?>
<!-- Generated by org.testng.reporters.JUnitReportReporter -->
<testsuite hostname="Kalai" failures="0" tests="2" name="com.SampleTestNG.Dependency_class" time="0.007" errors="0" timestamp="2024-10-04T22:54:53 IST" skipped="0">
  <testcase classname="com.SampleTestNG.Dependency_class" name="method1" time="0.007"/>
  <system-out/>
  <testcase classname="com.SampleTestNG.Dependency_class" name="method2" time="0.000"/>
  <system-out/>
</testsuite> <!-- com.SampleTestNG.Dependency_class -->
