<?xml version="1.0" encoding="UTF-8"?>
<!-- Generated by org.testng.reporters.JUnitReportReporter -->
<testsuite hostname="Kalai" failures="0" tests="1" name="com.SampleTestNG.Simple_Annotations" time="0.009" errors="0" timestamp="2024-10-14T10:10:57 IST" skipped="0">
  <testcase classname="com.SampleTestNG.Simple_Annotations" name="meth5" time="0.009"/>
  <system-out/>
</testsuite> <!-- com.SampleTestNG.Simple_Annotations -->
