<?xml version="1.0" encoding="UTF-8"?>
<!-- Generated by org.testng.reporters.JUnitReportReporter -->
<testsuite hostname="Kalai" failures="0" tests="1" name="com.SampleTestNG.parametarized_class" time="0.163" errors="0" timestamp="2024-10-05T21:42:25 IST" skipped="0">
  <testcase classname="com.SampleTestNG.parametarized_class" name="login" time="0.163"/>
  <system-out/>
</testsuite> <!-- com.SampleTestNG.parametarized_class -->
