<?xml version="1.0" encoding="UTF-8"?>
<!-- Generated by org.testng.reporters.JUnitReportReporter -->
<testsuite hostname="Kalai" failures="0" tests="1" name="com.SampleTestNG.parallel_class" time="5.543" errors="0" timestamp="2024-10-05T22:48:39 IST" skipped="0">
  <testcase classname="com.SampleTestNG.parallel_class" name="instalaunch" time="5.543"/>
  <system-out/>
</testsuite> <!-- com.SampleTestNG.parallel_class -->
