<?xml version="1.0" encoding="UTF-8"?>
<!-- Generated by org.testng.reporters.JUnitReportReporter -->
<testsuite hostname="Kalai" failures="0" tests="6" name="com.SampleTestNG.Gruping_class" time="0.018" errors="0" timestamp="2024-10-04T23:57:07 IST" skipped="0">
  <testcase classname="com.SampleTestNG.Gruping_class" name="hp" time="0.001"/>
  <system-out/>
  <testcase classname="com.SampleTestNG.Gruping_class" name="iphone" time="0.004"/>
  <system-out/>
  <testcase classname="com.SampleTestNG.Gruping_class" name="poco" time="0.002"/>
  <system-out/>
  <testcase classname="com.SampleTestNG.Gruping_class" name="asus" time="0.001"/>
  <system-out/>
  <testcase classname="com.SampleTestNG.Gruping_class" name="Dell" time="0.003"/>
  <system-out/>
  <testcase classname="com.SampleTestNG.Gruping_class" name="apple" time="0.007"/>
  <system-out/>
</testsuite> <!-- com.SampleTestNG.Gruping_class -->
