<?xml version="1.0" encoding="UTF-8"?>
<!-- Generated by org.testng.reporters.JUnitReportReporter -->
<testsuite hostname="Kalai" failures="0" tests="2" name="com.SampleTestNG.Dataprovider_class" time="21.518" errors="0" timestamp="2024-10-05T22:44:49 IST" skipped="0">
  <testcase classname="com.SampleTestNG.Dataprovider_class" name="login" time="9.493"/>
  <system-out/>
  <testcase classname="com.SampleTestNG.Dataprovider_class" name="login" time="12.025"/>
  <system-out/>
</testsuite> <!-- com.SampleTestNG.Dataprovider_class -->
