<?xml version="1.0" encoding="UTF-8"?>
<!-- Generated by org.testng.reporters.JUnitReportReporter -->
<testsuite hostname="Kalai" failures="0" tests="3" name="com.SampleTestNG.Invocation_count" time="7.793" errors="0" timestamp="2024-10-05T00:04:49 IST" skipped="0">
  <testcase classname="com.SampleTestNG.Invocation_count" name="email" time="4.172"/>
  <system-out/>
  <testcase classname="com.SampleTestNG.Invocation_count" name="password" time="0.003"/>
  <system-out/>
  <testcase classname="com.SampleTestNG.Invocation_count" name="email" time="3.618"/>
  <system-out/>
</testsuite> <!-- com.SampleTestNG.Invocation_count -->
