<?xml version="1.0" encoding="UTF-8"?>
<!-- Generated by org.testng.reporters.JUnitReportReporter -->
<testsuite hostname="Kalai" failures="0" tests="2" name="com.SampleTestNG.Data_provider" time="0.009" errors="0" timestamp="2024-10-04T22:52:45 IST" skipped="0">
  <testcase classname="com.SampleTestNG.Data_provider" name="testWithData" time="0.008"/>
  <system-out/>
  <testcase classname="com.SampleTestNG.Data_provider" name="testWithData" time="0.001"/>
  <system-out/>
</testsuite> <!-- com.SampleTestNG.Data_provider -->
