<?xml version="1.0" encoding="UTF-8"?>
<!-- Generated by org.testng.reporters.JUnitReportReporter -->
<testsuite hostname="Kalai" failures="0" tests="2" name="com.SampleTestNG.Assertion_class" time="4.036" errors="0" timestamp="2024-10-05T22:03:06 IST" skipped="1">
  <testcase classname="com.SampleTestNG.Assertion_class" name="softassert1" time="4.036"/>
  <system-out/>
  <testcase classname="com.SampleTestNG.Assertion_class" name="assert1">
    <skipped/>
  </testcase> <!-- assert1 -->
  <system-out/>
</testsuite> <!-- com.SampleTestNG.Assertion_class -->
